<?xml version="1.0" encoding="UTF-8"?>
<!-- Generated by org.testng.reporters.JUnitReportReporter -->
<testsuite hostname="LAPTOP-T1VPFPVR" failures="0" tests="1" name="org.automation.test_scripts.TC_Register_001_Test" time="8.216" errors="0" timestamp="2025-07-16T14:16:12 IST" skipped="0">
  <testcase classname="org.automation.test_scripts.TC_Register_001_Test" name="verify_user_is_able_to_register_or_not" time="8.216"/>
</testsuite> <!-- org.automation.test_scripts.TC_Register_001_Test -->
