<?xml version="1.0" encoding="UTF-8"?>
<!-- Generated by org.testng.reporters.JUnitReportReporter -->
<testsuite hostname="LAPTOP-T1VPFPVR" failures="0" tests="1" name="org.sample_testScripts.Titan" time="17.662" errors="0" timestamp="2025-07-16T14:17:28 IST" skipped="0">
  <testcase classname="org.sample_testScripts.Titan" name="tc" time="17.662"/>
</testsuite> <!-- org.sample_testScripts.Titan -->
