<?xml version="1.0" encoding="UTF-8"?>
<!-- Generated by org.testng.reporters.JUnitReportReporter -->
<testsuite hostname="LAPTOP-T1VPFPVR" failures="0" tests="1" name="org.sample_testScripts.MSDhoni" time="3.581" errors="0" timestamp="2025-07-16T14:15:32 IST" skipped="0">
  <testcase classname="org.sample_testScripts.MSDhoni" name="tc" time="3.581"/>
</testsuite> <!-- org.sample_testScripts.MSDhoni -->
