<?xml version="1.0" encoding="UTF-8"?>
<!-- Generated by org.testng.reporters.JUnitReportReporter -->
<testsuite hostname="LAPTOP-T1VPFPVR" failures="0" tests="1" name="org.sample_testScripts.LaunchAndSearch_Test" time="4.202" errors="0" timestamp="2025-07-17T13:19:52 IST" skipped="0">
  <testcase classname="org.sample_testScripts.LaunchAndSearch_Test" name="testCase" time="4.202"/>
</testsuite> <!-- org.sample_testScripts.LaunchAndSearch_Test -->
