<?xml version="1.0" encoding="UTF-8"?>
<!-- Generated by org.testng.reporters.JUnitReportReporter -->
<testsuite hostname="LAPTOP-T1VPFPVR" failures="0" tests="1" name="org.automation.test_scripts.TC_Cart_002_Test" time="4.970" errors="0" timestamp="2025-07-16T12:39:30 IST" skipped="0">
  <testcase classname="org.automation.test_scripts.TC_Cart_002_Test" name="verify_cart_is_added_or_not" time="4.970"/>
</testsuite> <!-- org.automation.test_scripts.TC_Cart_002_Test -->
